#
# A fatal error has been detected by the Java Runtime Environment:
#
#  Internal Error (vmThread.cpp:658), pid=17520, tid=19459
#  fatal error: Nested VM operation CollectForMetadataAllocation requested by operation ChangeBreakpoints
#
# JRE version: Java(TM) SE Runtime Environment (8.0_60-b27) (build 1.8.0_60-b27)
# Java VM: Java HotSpot(TM) 64-Bit Server VM (25.60-b23 mixed mode bsd-amd64 compressed oops)
# Failed to write core dump. Core dumps have been disabled. To enable core dumping, try "ulimit -c unlimited" before starting Java again
#
# If you would like to submit a bug report, please visit:
#   http://bugreport.java.com/bugreport/crash.jsp
#

---------------  T H R E A D  ---------------

Current thread (0x00007ff6d304a800):  VMThread [stack: 0x00007000065c3000,0x00007000066c3000] [id=19459]

Stack: [0x00007000065c3000,0x00007000066c3000],  sp=0x00007000066c2310,  free space=1020k
Native frames: (J=compiled Java code, j=interpreted, Vv=VM code, C=native code)
V  [libjvm.dylib+0x5a6522]
V  [libjvm.dylib+0x1e6843]
V  [libjvm.dylib+0x5acfec]
V  [libjvm.dylib+0x19f1ec]
V  [libjvm.dylib+0x4417ac]
V  [libjvm.dylib+0x44b6ee]
V  [libjvm.dylib+0x44872b]
V  [libjvm.dylib+0x16e083]
V  [libjvm.dylib+0x44a160]
V  [libjvm.dylib+0x448923]
V  [libjvm.dylib+0x39666e]
V  [libjvm.dylib+0x5ae00d]
V  [libjvm.dylib+0x5ac677]
V  [libjvm.dylib+0x5acac4]
V  [libjvm.dylib+0x5ac3e3]
V  [libjvm.dylib+0x48343a]
C  [libsystem_pthread.dylib+0x36c1]  _pthread_body+0x154
C  [libsystem_pthread.dylib+0x356d]  _pthread_body+0x0
C  [libsystem_pthread.dylib+0x2c5d]  thread_start+0xd

VM_Operation (0x0000700006ace900): ChangeBreakpoints, mode: safepoint, requested by thread 0x00007ff6d3822000


---------------  P R O C E S S  ---------------

Java Threads: ( => current thread )
  0x00007ff6d8cae800 JavaThread "bid.data" daemon [_thread_blocked, id=38659, stack(0x0000700007e0b000,0x0000700007f0b000)]
  0x00007ff6d8bf6000 JavaThread "cfg.data" daemon [_thread_blocked, id=39171, stack(0x0000700007d08000,0x0000700007e08000)]
  0x00007ff6d9372000 JavaThread "net.sf.ehcache.CacheManager@46dc7be1" daemon [_thread_blocked, id=23299, stack(0x0000700007c05000,0x0000700007d05000)]
  0x00007ff6d6539000 JavaThread "MVStore background writer nio:/Users/stormning/.h2/bid.mv.db" daemon [_thread_blocked, id=39691, stack(0x0000700007b02000,0x0000700007c02000)]
  0x00007ff6d19ad800 JavaThread "H2 TCP Server (tcp://192.168.30.149:64247)" daemon [_thread_in_native, id=39939, stack(0x00007000079ff000,0x0000700007aff000)]
  0x00007ff6d6091000 JavaThread "H2 File Lock Watchdog /Users/stormning/.h2/bid.lock.db" daemon [_thread_blocked, id=22791, stack(0x00007000078fc000,0x00007000079fc000)]
  0x00007ff6d1fb4000 JavaThread "Tomcat JDBC Pool Cleaner[2078986454:1514284675605]" daemon [_thread_blocked, id=40707, stack(0x00007000077f9000,0x00007000078f9000)]
  0x00007ff6d1fe3000 JavaThread "container-0" [_thread_blocked, id=41223, stack(0x00007000076f6000,0x00007000077f6000)]
  0x00007ff6d6ff5000 JavaThread "ContainerBackgroundProcessor[StandardEngine[Tomcat]]" daemon [_thread_blocked, id=41479, stack(0x00007000075f3000,0x00007000076f3000)]
  0x00007ff6d1ee7800 JavaThread "localhost-startStop-1" daemon [_thread_blocked, id=3591, stack(0x00007000074f0000,0x00007000075f0000)]
  0x00007ff6d8bea000 JavaThread "Tomcat-startStop-1" daemon [_thread_blocked, id=2823, stack(0x00007000073ed000,0x00007000074ed000)]
  0x00007ff6d1e3b800 JavaThread "main" [_thread_blocked, id=42243, stack(0x00007000072ea000,0x00007000073ea000)]
  0x00007ff6d303f000 JavaThread "Service Thread" daemon [_thread_blocked, id=22019, stack(0x00007000070e4000,0x00007000071e4000)]
  0x00007ff6d5005000 JavaThread "C1 CompilerThread3" daemon [_thread_blocked, id=43267, stack(0x0000700006fe1000,0x00007000070e1000)]
  0x00007ff6d5004000 JavaThread "C2 CompilerThread2" daemon [_thread_in_native, id=14339, stack(0x0000700006ede000,0x0000700006fde000)]
  0x00007ff6d5003800 JavaThread "C2 CompilerThread1" daemon [_thread_in_native, id=14851, stack(0x0000700006ddb000,0x0000700006edb000)]
  0x00007ff6d382a000 JavaThread "C2 CompilerThread0" daemon [_thread_in_native, id=15363, stack(0x0000700006cd8000,0x0000700006dd8000)]
  0x00007ff6d5000000 JavaThread "JDWP Command Reader" daemon [_thread_in_native, id=15619, stack(0x0000700006bd5000,0x0000700006cd5000)]
  0x00007ff6d3821000 JavaThread "JDWP Event Helper Thread" daemon [_thread_blocked, id=13827, stack(0x0000700006ad2000,0x0000700006bd2000)]
  0x00007ff6d3822000 JavaThread "JDWP Transport Listener: dt_socket" daemon [_thread_blocked, id=13575, stack(0x00007000069cf000,0x0000700006acf000)]
  0x00007ff6d3829000 JavaThread "Signal Dispatcher" daemon [_thread_blocked, id=16907, stack(0x00007000068cc000,0x00007000069cc000)]
  0x00007ff6d3050800 JavaThread "Finalizer" daemon [_thread_blocked, id=12291, stack(0x00007000067c9000,0x00007000068c9000)]
  0x00007ff6d1818800 JavaThread "Reference Handler" daemon [_thread_blocked, id=18947, stack(0x00007000066c6000,0x00007000067c6000)]
  0x00007ff6d1809800 JavaThread "main" [_thread_blocked, id=6147, stack(0x0000700005ca8000,0x0000700005da8000)]

Other Threads:
=>0x00007ff6d304a800 VMThread [stack: 0x00007000065c3000,0x00007000066c3000] [id=19459]
  0x00007ff6d1808800 WatcherThread [stack: 0x00007000071e7000,0x00007000072e7000] [id=42755]

VM state:at safepoint (normal execution)

VM Mutex/Monitor currently owned by a thread:  ([mutex/lock_event])
[0x00007ff6d29035d0] Threads_lock - owner thread: 0x00007ff6d304a800

Heap:
 PSYoungGen      total 299008K, used 92097K [0x000000076ab00000, 0x0000000782100000, 0x00000007c0000000)
  eden space 278528K, 25% used [0x000000076ab00000,0x000000076f0f7f20,0x000000077bb00000)
  from space 20480K, 99% used [0x000000077d380000,0x000000077e778810,0x000000077e780000)
  to   space 25088K, 0% used [0x000000077bb00000,0x000000077bb00000,0x000000077d380000)
 ParOldGen       total 200704K, used 34535K [0x00000006c0000000, 0x00000006cc400000, 0x000000076ab00000)
  object space 200704K, 17% used [0x00000006c0000000,0x00000006c21b9d00,0x00000006cc400000)
 Metaspace       used 58091K, capacity 58848K, committed 59096K, reserved 1101824K
  class space    used 7293K, capacity 7519K, committed 7552K, reserved 1048576K

Card table byte_map: [0x0000000106f49000,0x000000010774a000] byte_map_base: 0x0000000103949000

Marking Bits: (ParMarkBitMap*) 0x00000001064dee20
 Begin Bits: [0x000000011e572000, 0x0000000122572000)
 End Bits:   [0x0000000122572000, 0x0000000126572000)

Polling page: 0x0000000104aaa000

CodeCache: size=245760Kb used=20573Kb max_used=21070Kb free=225186Kb
 bounds [0x000000010f572000, 0x0000000110a32000, 0x000000011e572000]
 total_blobs=5967 nmethods=5449 adapters=439
 compilation: enabled

Compilation events (10 events):
Event: 11.397 Thread 0x00007ff6d5005000 6519   !   3       java.io.FilePermission$1::run (116 bytes)
Event: 11.399 Thread 0x00007ff6d5005000 nmethod 6519 0x000000010f724c10 code [0x000000010f725060, 0x000000010f7275e8]
Event: 11.430 Thread 0x00007ff6d5005000 6520       3       java.util.regex.Pattern$BnM::optimize (179 bytes)
Event: 11.431 Thread 0x00007ff6d5005000 nmethod 6520 0x000000011058fa50 code [0x000000011058fc60, 0x00000001105908c8]
Event: 11.439 Thread 0x00007ff6d5005000 6521       3       java.lang.System::getProperty (26 bytes)
Event: 11.439 Thread 0x00007ff6d5005000 nmethod 6521 0x0000000110334910 code [0x0000000110334b00, 0x00000001103352e8]
Event: 11.439 Thread 0x00007ff6d5005000 6522       1       org.springframework.boot.context.embedded.EmbeddedWebApplicationContext::getServletConfig (5 bytes)
Event: 11.439 Thread 0x00007ff6d5005000 nmethod 6522 0x000000010f724890 code [0x000000010f7249e0, 0x000000010f724af0]
Event: 11.439 Thread 0x00007ff6d5005000 6523       1       org.springframework.web.context.support.ServletContextAwareProcessor::getServletConfig (5 bytes)
Event: 11.439 Thread 0x00007ff6d5005000 nmethod 6523 0x000000010fb61a90 code [0x000000010fb61be0, 0x000000010fb61cf0]

GC Heap History (10 events):
Event: 3.380 GC heap before
{Heap before GC invocations=6 (full 1):
 PSYoungGen      total 141824K, used 10736K [0x000000076ab00000, 0x000000077d300000, 0x00000007c0000000)
  eden space 131072K, 0% used [0x000000076ab00000,0x000000076ab00000,0x0000000772b00000)
  from space 10752K, 99% used [0x0000000772b00000,0x000000077357c010,0x0000000773580000)
  to   space 20480K, 0% used [0x000000077bf00000,0x000000077bf00000,0x000000077d300000)
 ParOldGen       total 175104K, used 18489K [0x00000006c0000000, 0x00000006cab00000, 0x000000076ab00000)
  object space 175104K, 10% used [0x00000006c0000000,0x00000006c120e6c8,0x00000006cab00000)
 Metaspace       used 20686K, capacity 21134K, committed 21296K, reserved 1069056K
  class space    used 2479K, capacity 2631K, committed 2688K, reserved 1048576K
Event: 3.467 GC heap after
Heap after GC invocations=6 (full 1):
 PSYoungGen      total 141824K, used 0K [0x000000076ab00000, 0x000000077d300000, 0x00000007c0000000)
  eden space 131072K, 0% used [0x000000076ab00000,0x000000076ab00000,0x0000000772b00000)
  from space 10752K, 0% used [0x0000000772b00000,0x0000000772b00000,0x0000000773580000)
  to   space 20480K, 0% used [0x000000077bf00000,0x000000077bf00000,0x000000077d300000)
 ParOldGen       total 133120K, used 25377K [0x00000006c0000000, 0x00000006c8200000, 0x000000076ab00000)
  object space 133120K, 19% used [0x00000006c0000000,0x00000006c18c87e8,0x00000006c8200000)
 Metaspace       used 20686K, capacity 21134K, committed 21296K, reserved 1069056K
  class space    used 2479K, capacity 2631K, committed 2688K, reserved 1048576K
}
Event: 4.336 GC heap before
{Heap before GC invocations=7 (full 1):
 PSYoungGen      total 141824K, used 131072K [0x000000076ab00000, 0x000000077d300000, 0x00000007c0000000)
  eden space 131072K, 100% used [0x000000076ab00000,0x0000000772b00000,0x0000000772b00000)
  from space 10752K, 0% used [0x0000000772b00000,0x0000000772b00000,0x0000000773580000)
  to   space 20480K, 0% used [0x000000077bf00000,0x000000077bf00000,0x000000077d300000)
 ParOldGen       total 133120K, used 25377K [0x00000006c0000000, 0x00000006c8200000, 0x000000076ab00000)
  object space 133120K, 19% used [0x00000006c0000000,0x00000006c18c87e8,0x00000006c8200000)
 Metaspace       used 32193K, capacity 32870K, committed 33024K, reserved 1079296K
  class space    used 3874K, capacity 4096K, committed 4096K, reserved 1048576K
Event: 4.348 GC heap after
Heap after GC invocations=7 (full 1):
 PSYoungGen      total 205824K, used 12700K [0x000000076ab00000, 0x000000077cb80000, 0x00000007c0000000)
  eden space 193024K, 0% used [0x000000076ab00000,0x000000076ab00000,0x0000000776780000)
  from space 12800K, 99% used [0x000000077bf00000,0x000000077cb67140,0x000000077cb80000)
  to   space 19968K, 0% used [0x000000077a480000,0x000000077a480000,0x000000077b800000)
 ParOldGen       total 133120K, used 25449K [0x00000006c0000000, 0x00000006c8200000, 0x000000076ab00000)
  object space 133120K, 19% used [0x00000006c0000000,0x00000006c18da7f8,0x00000006c8200000)
 Metaspace       used 32193K, capacity 32870K, committed 33024K, reserved 1079296K
  class space    used 3874K, capacity 4096K, committed 4096K, reserved 1048576K
}
Event: 4.740 GC heap before
{Heap before GC invocations=8 (full 1):
 PSYoungGen      total 205824K, used 62510K [0x000000076ab00000, 0x000000077cb80000, 0x00000007c0000000)
  eden space 193024K, 25% used [0x000000076ab00000,0x000000076dba46d8,0x0000000776780000)
  from space 12800K, 99% used [0x000000077bf00000,0x000000077cb67140,0x000000077cb80000)
  to   space 19968K, 0% used [0x000000077a480000,0x000000077a480000,0x000000077b800000)
 ParOldGen       total 133120K, used 25449K [0x00000006c0000000, 0x00000006c8200000, 0x000000076ab00000)
  object space 133120K, 19% used [0x00000006c0000000,0x00000006c18da7f8,0x00000006c8200000)
 Metaspace       used 34676K, capacity 35332K, committed 35456K, reserved 1081344K
  class space    used 4217K, capacity 4421K, committed 4480K, reserved 1048576K
Event: 4.748 GC heap after
Heap after GC invocations=8 (full 1):
 PSYoungGen      total 275456K, used 8508K [0x000000076ab00000, 0x000000077e780000, 0x00000007c0000000)
  eden space 255488K, 0% used [0x000000076ab00000,0x000000076ab00000,0x000000077a480000)
  from space 19968K, 42% used [0x000000077a480000,0x000000077accf318,0x000000077b800000)
  to   space 20480K, 0% used [0x000000077d380000,0x000000077d380000,0x000000077e780000)
 ParOldGen       total 133120K, used 25457K [0x00000006c0000000, 0x00000006c8200000, 0x000000076ab00000)
  object space 133120K, 19% used [0x00000006c0000000,0x00000006c18dc7f8,0x00000006c8200000)
 Metaspace       used 34676K, capacity 35332K, committed 35456K, reserved 1081344K
  class space    used 4217K, capacity 4421K, committed 4480K, reserved 1048576K
}
Event: 4.748 GC heap before
{Heap before GC invocations=9 (full 2):
 PSYoungGen      total 275456K, used 8508K [0x000000076ab00000, 0x000000077e780000, 0x00000007c0000000)
  eden space 255488K, 0% used [0x000000076ab00000,0x000000076ab00000,0x000000077a480000)
  from space 19968K, 42% used [0x000000077a480000,0x000000077accf318,0x000000077b800000)
  to   space 20480K, 0% used [0x000000077d380000,0x000000077d380000,0x000000077e780000)
 ParOldGen       total 133120K, used 25457K [0x00000006c0000000, 0x00000006c8200000, 0x000000076ab00000)
  object space 133120K, 19% used [0x00000006c0000000,0x00000006c18dc7f8,0x00000006c8200000)
 Metaspace       used 34676K, capacity 35332K, committed 35456K, reserved 1081344K
  class space    used 4217K, capacity 4421K, committed 4480K, reserved 1048576K
Event: 4.824 GC heap after
Heap after GC invocations=9 (full 2):
 PSYoungGen      total 275456K, used 0K [0x000000076ab00000, 0x000000077e780000, 0x00000007c0000000)
  eden space 255488K, 0% used [0x000000076ab00000,0x000000076ab00000,0x000000077a480000)
  from space 19968K, 0% used [0x000000077a480000,0x000000077a480000,0x000000077b800000)
  to   space 20480K, 0% used [0x000000077d380000,0x000000077d380000,0x000000077e780000)
 ParOldGen       total 200704K, used 29476K [0x00000006c0000000, 0x00000006cc400000, 0x000000076ab00000)
  object space 200704K, 14% used [0x00000006c0000000,0x00000006c1cc9188,0x00000006cc400000)
 Metaspace       used 34676K, capacity 35332K, committed 35456K, reserved 1081344K
  class space    used 4217K, capacity 4421K, committed 4480K, reserved 1048576K
}
Event: 10.685 GC heap before
{Heap before GC invocations=10 (full 2):
 PSYoungGen      total 275456K, used 255488K [0x000000076ab00000, 0x000000077e780000, 0x00000007c0000000)
  eden space 255488K, 100% used [0x000000076ab00000,0x000000077a480000,0x000000077a480000)
  from space 19968K, 0% used [0x000000077a480000,0x000000077a480000,0x000000077b800000)
  to   space 20480K, 0% used [0x000000077d380000,0x000000077d380000,0x000000077e780000)
 ParOldGen       total 200704K, used 29476K [0x00000006c0000000, 0x00000006cc400000, 0x000000076ab00000)
  object space 200704K, 14% used [0x00000006c0000000,0x00000006c1cc9188,0x00000006cc400000)
 Metaspace       used 52964K, capacity 53692K, committed 54016K, reserved 1095680K
  class space    used 6596K, capacity 6809K, committed 6912K, reserved 1048576K
Event: 10.708 GC heap after
Heap after GC invocations=10 (full 2):
 PSYoungGen      total 299008K, used 20450K [0x000000076ab00000, 0x0000000782100000, 0x00000007c0000000)
  eden space 278528K, 0% used [0x000000076ab00000,0x000000076ab00000,0x000000077bb00000)
  from space 20480K, 99% used [0x000000077d380000,0x000000077e778810,0x000000077e780000)
  to   space 25088K, 0% used [0x000000077bb00000,0x000000077bb00000,0x000000077d380000)
 ParOldGen       total 200704K, used 34535K [0x00000006c0000000, 0x00000006cc400000, 0x000000076ab00000)
  object space 200704K, 17% used [0x00000006c0000000,0x00000006c21b9d00,0x00000006cc400000)
 Metaspace       used 52964K, capacity 53692K, committed 54016K, reserved 1095680K
  class space    used 6596K, capacity 6809K, committed 6912K, reserved 1048576K
}

Deoptimization events (10 events):
Event: 11.111 Thread 0x00007ff6d1e3b800 Uncommon trap: reason=unstable_if action=reinterpret pc=0x00000001107ed190 method=sun.reflect.misc.ReflectUtil.isNonPublicProxyClass(Ljava/lang/Class;)Z @ 33
Event: 11.119 Thread 0x00007ff6d1e3b800 Uncommon trap: reason=unstable_if action=reinterpret pc=0x000000010fbbfbf8 method=java.util.HashMap.putMapEntries(Ljava/util/Map;Z)V @ 53
Event: 11.282 Thread 0x00007ff6d1e3b800 Uncommon trap: reason=null_check action=make_not_entrant pc=0x0000000110a13b80 method=org.springframework.core.annotation.AnnotatedElementUtils.searchWithGetSemanticsInAnnotations(Ljava/lang/reflect/AnnotatedElement;Ljava/util/List;Ljava/lang/Class;Ljava/
Event: 11.290 Thread 0x00007ff6d1e3b800 Uncommon trap: reason=unstable_if action=reinterpret pc=0x000000010f71eb00 method=org.springframework.core.ResolvableType.resolve(Ljava/lang/Class;)Ljava/lang/Class; @ 4
Event: 11.317 Thread 0x00007ff6d1e3b800 Uncommon trap: reason=unstable_if action=reinterpret pc=0x0000000110417f54 method=org.springframework.asm.Frame.merge(Lorg/springframework/asm/ClassWriter;I[II)Z @ 80
Event: 11.317 Thread 0x00007ff6d1e3b800 Uncommon trap: reason=unstable_if action=reinterpret pc=0x00000001105bb08c method=org.springframework.asm.Frame.merge(Lorg/springframework/asm/ClassWriter;I[II)Z @ 80
Event: 11.320 Thread 0x00007ff6d1e3b800 Uncommon trap: reason=range_check action=make_not_entrant pc=0x00000001107ca1e0 method=java.lang.String.charAt(I)C @ 27
Event: 11.411 Thread 0x00007ff6d1e3b800 Uncommon trap: reason=unstable_if action=reinterpret pc=0x000000010fd2e718 method=java.lang.CharacterDataLatin1.digit(II)I @ 60
Event: 11.411 Thread 0x00007ff6d1e3b800 Uncommon trap: reason=unstable_if action=reinterpret pc=0x000000010fd1fe3c method=java.lang.CharacterDataLatin1.digit(II)I @ 60
Event: 11.427 Thread 0x00007ff6d1e3b800 Uncommon trap: reason=bimorphic action=maybe_recompile pc=0x0000000110013790 method=java.util.Hashtable.putAll(Ljava/util/Map;)V @ 1

Internal exceptions (10 events):
Event: 11.400 Thread 0x00007ff6d1e3b800 Exception <a 'java/lang/NoSuchMethodError': org.slf4j.impl.StaticMarkerBinder.getSingleton()Lorg/slf4j/impl/StaticMarkerBinder;> (0x000000076ea0ccb0) thrown at [/Users/java_re/workspace/8-2-build-macosx-x86_64/jdk8u60/4407/hotspot/src/share/vm/interpreter
Event: 11.429 Thread 0x00007ff6d1e3b800 Exception <a 'java/lang/ClassNotFoundException': java/lang/ObjectCustomizer> (0x000000076ec497f8) thrown at [/Users/java_re/workspace/8-2-build-macosx-x86_64/jdk8u60/4407/hotspot/src/share/vm/classfile/systemDictionary.cpp, line 210]
Event: 11.430 Thread 0x00007ff6d1e3b800 Exception <a 'java/lang/ClassNotFoundException': org/springframework/ui/freemarker/FreeMarkerConfigurationFactoryCustomizer> (0x000000076ec65740) thrown at [/Users/java_re/workspace/8-2-build-macosx-x86_64/jdk8u60/4407/hotspot/src/share/vm/classfile/syste
Event: 11.431 Thread 0x00007ff6d1e3b800 Exception <a 'java/lang/ClassNotFoundException': org/springframework/web/servlet/view/freemarker/FreeMarkerConfigurerCustomizer> (0x000000076ec8d170) thrown at [/Users/java_re/workspace/8-2-build-macosx-x86_64/jdk8u60/4407/hotspot/src/share/vm/classfile/s
Event: 11.432 Thread 0x00007ff6d1e3b800 Exception <a 'java/lang/ClassNotFoundException': com/slyak/support/freemarker/FreeMarkerConfigurerCustomizer> (0x000000076ecaae68) thrown at [/Users/java_re/workspace/8-2-build-macosx-x86_64/jdk8u60/4407/hotspot/src/share/vm/classfile/systemDictionary.cpp
Event: 11.432 Thread 0x00007ff6d1e3b800 Exception <a 'java/lang/ClassNotFoundException': org/springframework/context/ApplicationContextAwareCustomizer> (0x000000076ecd7f20) thrown at [/Users/java_re/workspace/8-2-build-macosx-x86_64/jdk8u60/4407/hotspot/src/share/vm/classfile/systemDictionary.c
Event: 11.433 Thread 0x00007ff6d1e3b800 Exception <a 'java/lang/ClassNotFoundException': org/springframework/web/servlet/view/freemarker/FreeMarkerConfigCustomizer> (0x000000076ecf1b98) thrown at [/Users/java_re/workspace/8-2-build-macosx-x86_64/jdk8u60/4407/hotspot/src/share/vm/classfile/syste
Event: 11.433 Thread 0x00007ff6d1e3b800 Exception <a 'java/lang/ClassNotFoundException': org/springframework/beans/factory/InitializingBeanCustomizer> (0x000000076ed09a18) thrown at [/Users/java_re/workspace/8-2-build-macosx-x86_64/jdk8u60/4407/hotspot/src/share/vm/classfile/systemDictionary.cp
Event: 11.434 Thread 0x00007ff6d1e3b800 Exception <a 'java/lang/ClassNotFoundException': org/springframework/context/ResourceLoaderAwareCustomizer> (0x000000076ed1ec00) thrown at [/Users/java_re/workspace/8-2-build-macosx-x86_64/jdk8u60/4407/hotspot/src/share/vm/classfile/systemDictionary.cpp, 
Event: 11.434 Thread 0x00007ff6d1e3b800 Exception <a 'java/lang/ClassNotFoundException': org/springframework/web/context/ServletContextAwareCustomizer> (0x000000076ed35a98) thrown at [/Users/java_re/workspace/8-2-build-macosx-x86_64/jdk8u60/4407/hotspot/src/share/vm/classfile/systemDictionary.c

Events (10 events):
Event: 11.466 Thread 0x00007ff6d1e3b800 DEOPT UNPACKING pc=0x000000010f5b9633 sp=0x00007000073e6be0 mode 1
Event: 11.466 Thread 0x00007ff6d1e3b800 DEOPT PACKING pc=0x000000010fc74cf4 sp=0x00007000073e6f30
Event: 11.466 Thread 0x00007ff6d1e3b800 DEOPT UNPACKING pc=0x000000010f5b9633 sp=0x00007000073e6b58 mode 1
Event: 11.466 loading class org/springframework/ui/freemarker/SpringTemplateLoader
Event: 11.466 loading class org/springframework/ui/freemarker/SpringTemplateLoader done
Event: 11.466 Thread 0x00007ff6d1e3b800 DEOPT PACKING pc=0x00000001105d12dc sp=0x00007000073e7210
Event: 11.466 Thread 0x00007ff6d1e3b800 DEOPT UNPACKING pc=0x000000010f5b9633 sp=0x00007000073e6fb0 mode 1
Event: 11.466 Thread 0x00007ff6d1e3b800 DEOPT PACKING pc=0x000000010fc74cf4 sp=0x00007000073e7300
Event: 11.466 Thread 0x00007ff6d1e3b800 DEOPT UNPACKING pc=0x000000010f5b9633 sp=0x00007000073e6f28 mode 1
Event: 11.469 Executing VM operation: ChangeBreakpoints


Dynamic libraries:
0x0000000012720000 	/System/Library/Frameworks/Cocoa.framework/Versions/A/Cocoa
0x0000000012720000 	/System/Library/Frameworks/Security.framework/Versions/A/Security
0x0000000012720000 	/System/Library/Frameworks/ApplicationServices.framework/Versions/A/ApplicationServices
0x0000000012720000 	/usr/lib/libz.1.dylib
0x0000000012720000 	/usr/lib/libSystem.B.dylib
0x0000000012720000 	/usr/lib/libobjc.A.dylib
0x0000000012720000 	/System/Library/Frameworks/CoreFoundation.framework/Versions/A/CoreFoundation
0x0000000012720000 	/System/Library/Frameworks/Foundation.framework/Versions/C/Foundation
0x0000000012720000 	/System/Library/Frameworks/AppKit.framework/Versions/C/AppKit
0x0000000012720000 	/System/Library/Frameworks/CoreData.framework/Versions/A/CoreData
0x0000000012720000 	/System/Library/PrivateFrameworks/RemoteViewServices.framework/Versions/A/RemoteViewServices
0x0000000012720000 	/System/Library/PrivateFrameworks/UIFoundation.framework/Versions/A/UIFoundation
0x0000000012720000 	/System/Library/PrivateFrameworks/DFRFoundation.framework/Versions/A/DFRFoundation
0x0000000012720000 	/System/Library/Frameworks/Metal.framework/Versions/A/Metal
0x0000000012720000 	/System/Library/PrivateFrameworks/DesktopServicesPriv.framework/Versions/A/DesktopServicesPriv
0x0000000012720000 	/usr/lib/libenergytrace.dylib
0x0000000012720000 	/System/Library/PrivateFrameworks/SkyLight.framework/Versions/A/SkyLight
0x0000000012720000 	/System/Library/Frameworks/CoreGraphics.framework/Versions/A/CoreGraphics
0x0000000012720000 	/usr/lib/libScreenReader.dylib
0x0000000012720000 	/System/Library/Frameworks/Accelerate.framework/Versions/A/Accelerate
0x0000000012720000 	/System/Library/Frameworks/IOSurface.framework/Versions/A/IOSurface
0x0000000012720000 	/System/Library/Frameworks/AudioToolbox.framework/Versions/A/AudioToolbox
0x0000000012720000 	/System/Library/Frameworks/AudioUnit.framework/Versions/A/AudioUnit
0x0000000012720000 	/System/Library/PrivateFrameworks/DataDetectorsCore.framework/Versions/A/DataDetectorsCore
0x0000000012720000 	/System/Library/Frameworks/Carbon.framework/Versions/A/Frameworks/HIToolbox.framework/Versions/A/HIToolbox
0x0000000012720000 	/usr/lib/libicucore.A.dylib
0x0000000012720000 	/System/Library/Frameworks/QuartzCore.framework/Versions/A/QuartzCore
0x0000000012720000 	/System/Library/Frameworks/Carbon.framework/Versions/A/Frameworks/SpeechRecognition.framework/Versions/A/SpeechRecognition
0x0000000012720000 	/usr/lib/libauto.dylib
0x0000000012720000 	/usr/lib/libxml2.2.dylib
0x0000000012720000 	/System/Library/PrivateFrameworks/CoreUI.framework/Versions/A/CoreUI
0x0000000012720000 	/System/Library/Frameworks/CoreAudio.framework/Versions/A/CoreAudio
0x0000000012720000 	/System/Library/Frameworks/DiskArbitration.framework/Versions/A/DiskArbitration
0x0000000012720000 	/usr/lib/liblangid.dylib
0x0000000012720000 	/System/Library/PrivateFrameworks/MultitouchSupport.framework/Versions/A/MultitouchSupport
0x0000000012720000 	/System/Library/Frameworks/IOKit.framework/Versions/A/IOKit
0x0000000012720000 	/usr/lib/libDiagnosticMessagesClient.dylib
0x0000000012720000 	/System/Library/Frameworks/CoreServices.framework/Versions/A/CoreServices
0x0000000012720000 	/System/Library/PrivateFrameworks/PerformanceAnalysis.framework/Versions/A/PerformanceAnalysis
0x0000000012720000 	/System/Library/Frameworks/OpenGL.framework/Versions/A/OpenGL
0x0000000012720000 	/System/Library/Frameworks/ColorSync.framework/Versions/A/ColorSync
0x0000000012720000 	/System/Library/Frameworks/CoreImage.framework/Versions/A/CoreImage
0x0000000012720000 	/System/Library/Frameworks/CoreText.framework/Versions/A/CoreText
0x0000000012720000 	/System/Library/Frameworks/ImageIO.framework/Versions/A/ImageIO
0x0000000012720000 	/System/Library/PrivateFrameworks/Backup.framework/Versions/A/Backup
0x0000000012720000 	/usr/lib/libarchive.2.dylib
0x0000000012720000 	/System/Library/Frameworks/CFNetwork.framework/Versions/A/CFNetwork
0x0000000012720000 	/System/Library/Frameworks/SystemConfiguration.framework/Versions/A/SystemConfiguration
0x0000000012720000 	/usr/lib/libCRFSuite.dylib
0x0000000012720000 	/usr/lib/libc++.1.dylib
0x0000000012720000 	/usr/lib/libc++abi.dylib
0x0000000012720000 	/usr/lib/system/libcache.dylib
0x0000000012720000 	/usr/lib/system/libcommonCrypto.dylib
0x0000000012720000 	/usr/lib/system/libcompiler_rt.dylib
0x0000000012720000 	/usr/lib/system/libcopyfile.dylib
0x0000000012720000 	/usr/lib/system/libcorecrypto.dylib
0x0000000012720000 	/usr/lib/system/libdispatch.dylib
0x0000000012720000 	/usr/lib/system/libdyld.dylib
0x0000000012720000 	/usr/lib/system/libkeymgr.dylib
0x0000000012720000 	/usr/lib/system/liblaunch.dylib
0x0000000012720000 	/usr/lib/system/libmacho.dylib
0x0000000012720000 	/usr/lib/system/libquarantine.dylib
0x0000000012720000 	/usr/lib/system/libremovefile.dylib
0x0000000012720000 	/usr/lib/system/libsystem_asl.dylib
0x0000000012720000 	/usr/lib/system/libsystem_blocks.dylib
0x0000000012720000 	/usr/lib/system/libsystem_c.dylib
0x0000000012720000 	/usr/lib/system/libsystem_configuration.dylib
0x0000000012720000 	/usr/lib/system/libsystem_coreservices.dylib
0x0000000012720000 	/usr/lib/system/libsystem_darwin.dylib
0x0000000012720000 	/usr/lib/system/libsystem_dnssd.dylib
0x0000000012720000 	/usr/lib/system/libsystem_info.dylib
0x0000000012720000 	/usr/lib/system/libsystem_m.dylib
0x0000000012720000 	/usr/lib/system/libsystem_malloc.dylib
0x0000000012720000 	/usr/lib/system/libsystem_network.dylib
0x0000000012720000 	/usr/lib/system/libsystem_networkextension.dylib
0x0000000012720000 	/usr/lib/system/libsystem_notify.dylib
0x0000000012720000 	/usr/lib/system/libsystem_sandbox.dylib
0x0000000012720000 	/usr/lib/system/libsystem_secinit.dylib
0x0000000012720000 	/usr/lib/system/libsystem_kernel.dylib
0x0000000012720000 	/usr/lib/system/libsystem_platform.dylib
0x0000000012720000 	/usr/lib/system/libsystem_pthread.dylib
0x0000000012720000 	/usr/lib/system/libsystem_symptoms.dylib
0x0000000012720000 	/usr/lib/system/libsystem_trace.dylib
0x0000000012720000 	/usr/lib/system/libunwind.dylib
0x0000000012720000 	/usr/lib/system/libxpc.dylib
0x0000000012720000 	/usr/lib/closure/libclosured.dylib
0x0000000012720000 	/usr/lib/libbsm.0.dylib
0x0000000012720000 	/usr/lib/system/libkxld.dylib
0x0000000012720000 	/usr/lib/libOpenScriptingUtil.dylib
0x0000000012720000 	/usr/lib/libcoretls.dylib
0x0000000012720000 	/usr/lib/libcoretls_cfhelpers.dylib
0x0000000012720000 	/usr/lib/libpam.2.dylib
0x0000000012720000 	/usr/lib/libsqlite3.dylib
0x0000000012720000 	/usr/lib/libxar.1.dylib
0x0000000012720000 	/usr/lib/libbz2.1.0.dylib
0x0000000012720000 	/usr/lib/liblzma.5.dylib
0x0000000012720000 	/usr/lib/libnetwork.dylib
0x0000000012720000 	/usr/lib/libapple_nghttp2.dylib
0x0000000012720000 	/usr/lib/libpcap.A.dylib
0x0000000012720000 	/usr/lib/libboringssl.dylib
0x0000000012720000 	/usr/lib/libusrtcp.dylib
0x0000000012720000 	/usr/lib/libapple_crypto.dylib
0x0000000012720000 	/System/Library/Frameworks/CoreServices.framework/Versions/A/Frameworks/FSEvents.framework/Versions/A/FSEvents
0x0000000012720000 	/System/Library/Frameworks/CoreServices.framework/Versions/A/Frameworks/CarbonCore.framework/Versions/A/CarbonCore
0x0000000012720000 	/System/Library/Frameworks/CoreServices.framework/Versions/A/Frameworks/Metadata.framework/Versions/A/Metadata
0x0000000012720000 	/System/Library/Frameworks/CoreServices.framework/Versions/A/Frameworks/OSServices.framework/Versions/A/OSServices
0x0000000012720000 	/System/Library/Frameworks/CoreServices.framework/Versions/A/Frameworks/SearchKit.framework/Versions/A/SearchKit
0x0000000012720000 	/System/Library/Frameworks/CoreServices.framework/Versions/A/Frameworks/AE.framework/Versions/A/AE
0x0000000012720000 	/System/Library/Frameworks/CoreServices.framework/Versions/A/Frameworks/LaunchServices.framework/Versions/A/LaunchServices
0x0000000012720000 	/System/Library/Frameworks/CoreServices.framework/Versions/A/Frameworks/DictionaryServices.framework/Versions/A/DictionaryServices
0x0000000012720000 	/System/Library/Frameworks/CoreServices.framework/Versions/A/Frameworks/SharedFileList.framework/Versions/A/SharedFileList
0x0000000012720000 	/System/Library/Frameworks/NetFS.framework/Versions/A/NetFS
0x0000000012720000 	/System/Library/PrivateFrameworks/NetAuth.framework/Versions/A/NetAuth
0x0000000012720000 	/System/Library/PrivateFrameworks/login.framework/Versions/A/Frameworks/loginsupport.framework/Versions/A/loginsupport
0x0000000012720000 	/System/Library/PrivateFrameworks/TCC.framework/Versions/A/TCC
0x0000000012720000 	/usr/lib/libmecabra.dylib
0x0000000012720000 	/System/Library/Frameworks/ApplicationServices.framework/Versions/A/Frameworks/ATS.framework/Versions/A/ATS
0x0000000012720000 	/System/Library/Frameworks/ApplicationServices.framework/Versions/A/Frameworks/ColorSyncLegacy.framework/Versions/A/ColorSyncLegacy
0x0000000012720000 	/System/Library/Frameworks/ApplicationServices.framework/Versions/A/Frameworks/HIServices.framework/Versions/A/HIServices
0x0000000012720000 	/System/Library/Frameworks/ApplicationServices.framework/Versions/A/Frameworks/LangAnalysis.framework/Versions/A/LangAnalysis
0x0000000012720000 	/System/Library/Frameworks/ApplicationServices.framework/Versions/A/Frameworks/PrintCore.framework/Versions/A/PrintCore
0x0000000012720000 	/System/Library/Frameworks/ApplicationServices.framework/Versions/A/Frameworks/QD.framework/Versions/A/QD
0x0000000012720000 	/System/Library/Frameworks/ApplicationServices.framework/Versions/A/Frameworks/SpeechSynthesis.framework/Versions/A/SpeechSynthesis
0x0000000012720000 	/System/Library/Frameworks/CoreDisplay.framework/Versions/A/CoreDisplay
0x0000000012720000 	/System/Library/Frameworks/Accelerate.framework/Versions/A/Frameworks/vImage.framework/Versions/A/vImage
0x0000000012720000 	/System/Library/Frameworks/Accelerate.framework/Versions/A/Frameworks/vecLib.framework/Versions/A/vecLib
0x0000000012720000 	/System/Library/Frameworks/Accelerate.framework/Versions/A/Frameworks/vecLib.framework/Versions/A/libvDSP.dylib
0x0000000012720000 	/System/Library/Frameworks/Accelerate.framework/Versions/A/Frameworks/vecLib.framework/Versions/A/libBNNS.dylib
0x0000000012720000 	/System/Library/Frameworks/Accelerate.framework/Versions/A/Frameworks/vecLib.framework/Versions/A/libQuadrature.dylib
0x0000000012720000 	/System/Library/Frameworks/Accelerate.framework/Versions/A/Frameworks/vecLib.framework/Versions/A/libvMisc.dylib
0x0000000012720000 	/System/Library/Frameworks/Accelerate.framework/Versions/A/Frameworks/vecLib.framework/Versions/A/libLAPACK.dylib
0x0000000012720000 	/System/Library/Frameworks/Accelerate.framework/Versions/A/Frameworks/vecLib.framework/Versions/A/libBLAS.dylib
0x0000000012720000 	/System/Library/Frameworks/Accelerate.framework/Versions/A/Frameworks/vecLib.framework/Versions/A/libLinearAlgebra.dylib
0x0000000012720000 	/System/Library/Frameworks/Accelerate.framework/Versions/A/Frameworks/vecLib.framework/Versions/A/libSparse.dylib
0x0000000012720000 	/System/Library/Frameworks/Accelerate.framework/Versions/A/Frameworks/vecLib.framework/Versions/A/libSparseBLAS.dylib
0x0000000012720000 	/System/Library/PrivateFrameworks/IOAccelerator.framework/Versions/A/IOAccelerator
0x0000000012720000 	/System/Library/PrivateFrameworks/IOPresentment.framework/Versions/A/IOPresentment
0x0000000012720000 	/System/Library/PrivateFrameworks/DSExternalDisplay.framework/Versions/A/DSExternalDisplay
0x0000000012720000 	/System/Library/Frameworks/OpenGL.framework/Versions/A/Libraries/libCoreFSCache.dylib
0x0000000012720000 	/System/Library/Frameworks/CoreVideo.framework/Versions/A/CoreVideo
0x0000000012720000 	/System/Library/PrivateFrameworks/GraphVisualizer.framework/Versions/A/GraphVisualizer
0x0000000012720000 	/System/Library/Frameworks/MetalPerformanceShaders.framework/Versions/A/MetalPerformanceShaders
0x0000000012720000 	/usr/lib/libFosl_dynamic.dylib
0x0000000012720000 	/System/Library/PrivateFrameworks/FaceCore.framework/Versions/A/FaceCore
0x0000000012720000 	/System/Library/Frameworks/OpenCL.framework/Versions/A/OpenCL
0x0000000012720000 	/usr/lib/libcompression.dylib
0x0000000012720000 	/System/Library/Frameworks/ApplicationServices.framework/Versions/A/Frameworks/ATS.framework/Versions/A/Resources/libFontParser.dylib
0x0000000012720000 	/System/Library/Frameworks/ApplicationServices.framework/Versions/A/Frameworks/ATS.framework/Versions/A/Resources/libFontRegistry.dylib
0x0000000012720000 	/System/Library/Frameworks/ImageIO.framework/Versions/A/Resources/libJPEG.dylib
0x0000000012720000 	/System/Library/Frameworks/ImageIO.framework/Versions/A/Resources/libTIFF.dylib
0x0000000012720000 	/System/Library/Frameworks/ImageIO.framework/Versions/A/Resources/libPng.dylib
0x0000000012720000 	/System/Library/Frameworks/ImageIO.framework/Versions/A/Resources/libGIF.dylib
0x0000000012720000 	/System/Library/Frameworks/ImageIO.framework/Versions/A/Resources/libJP2.dylib
0x0000000012720000 	/System/Library/Frameworks/ImageIO.framework/Versions/A/Resources/libRadiance.dylib
0x0000000012720000 	/System/Library/PrivateFrameworks/AppleJPEG.framework/Versions/A/AppleJPEG
0x0000000012720000 	/System/Library/PrivateFrameworks/MetalTools.framework/Versions/A/MetalTools
0x0000000012720000 	/System/Library/Frameworks/MetalPerformanceShaders.framework/Frameworks/MPSCore.framework/Versions/A/MPSCore
0x0000000012720000 	/System/Library/Frameworks/MetalPerformanceShaders.framework/Frameworks/MPSImage.framework/Versions/A/MPSImage
0x0000000012720000 	/System/Library/Frameworks/MetalPerformanceShaders.framework/Frameworks/MPSMatrix.framework/Versions/A/MPSMatrix
0x0000000012720000 	/System/Library/Frameworks/MetalPerformanceShaders.framework/Frameworks/MPSNeuralNetwork.framework/Versions/A/MPSNeuralNetwork
0x0000000012720000 	/System/Library/Frameworks/OpenGL.framework/Versions/A/Libraries/libGLU.dylib
0x0000000012720000 	/System/Library/Frameworks/OpenGL.framework/Versions/A/Libraries/libGFXShared.dylib
0x0000000012720000 	/System/Library/Frameworks/OpenGL.framework/Versions/A/Libraries/libGL.dylib
0x0000000012720000 	/System/Library/Frameworks/OpenGL.framework/Versions/A/Libraries/libGLImage.dylib
0x0000000012720000 	/System/Library/Frameworks/OpenGL.framework/Versions/A/Libraries/libCVMSPluginSupport.dylib
0x0000000012720000 	/System/Library/Frameworks/OpenGL.framework/Versions/A/Libraries/libCoreVMClient.dylib
0x0000000012720000 	/usr/lib/libcups.2.dylib
0x0000000012720000 	/System/Library/Frameworks/Kerberos.framework/Versions/A/Kerberos
0x0000000012720000 	/System/Library/Frameworks/GSS.framework/Versions/A/GSS
0x0000000012720000 	/usr/lib/libresolv.9.dylib
0x0000000012720000 	/usr/lib/libiconv.2.dylib
0x0000000012720000 	/System/Library/PrivateFrameworks/Heimdal.framework/Versions/A/Heimdal
0x0000000012720000 	/usr/lib/libheimdal-asn1.dylib
0x0000000012720000 	/System/Library/Frameworks/OpenDirectory.framework/Versions/A/OpenDirectory
0x0000000012720000 	/System/Library/PrivateFrameworks/CommonAuth.framework/Versions/A/CommonAuth
0x0000000012720000 	/System/Library/Frameworks/OpenDirectory.framework/Versions/A/Frameworks/CFOpenDirectory.framework/Versions/A/CFOpenDirectory
0x0000000012720000 	/System/Library/Frameworks/SecurityFoundation.framework/Versions/A/SecurityFoundation
0x0000000012720000 	/System/Library/PrivateFrameworks/APFS.framework/Versions/A/APFS
0x0000000012720000 	/usr/lib/libutil.dylib
0x0000000012720000 	/System/Library/PrivateFrameworks/AppleSauce.framework/Versions/A/AppleSauce
0x0000000012720000 	/System/Library/PrivateFrameworks/LinguisticData.framework/Versions/A/LinguisticData
0x0000000012720000 	/usr/lib/libmarisa.dylib
0x0000000012720000 	/System/Library/PrivateFrameworks/Lexicon.framework/Versions/A/Lexicon
0x0000000012720000 	/usr/lib/libChineseTokenizer.dylib
0x0000000012720000 	/usr/lib/libcmph.dylib
0x0000000012720000 	/System/Library/PrivateFrameworks/LanguageModeling.framework/Versions/A/LanguageModeling
0x0000000012720000 	/System/Library/PrivateFrameworks/CoreEmoji.framework/Versions/A/CoreEmoji
0x0000000012720000 	/System/Library/Frameworks/ServiceManagement.framework/Versions/A/ServiceManagement
0x0000000012720000 	/System/Library/PrivateFrameworks/BackgroundTaskManagement.framework/Versions/A/BackgroundTaskManagement
0x0000000012720000 	/usr/lib/libxslt.1.dylib
0x0000000012720000 	/System/Library/Frameworks/Carbon.framework/Versions/A/Frameworks/Ink.framework/Versions/A/Ink
0x0000000012720000 	/System/Library/PrivateFrameworks/TextureIO.framework/Versions/A/TextureIO
0x0000000012720000 	/usr/lib/libate.dylib
0x0000000012720000 	/System/Library/PrivateFrameworks/CrashReporterSupport.framework/Versions/A/CrashReporterSupport
0x0000000012720000 	/System/Library/PrivateFrameworks/Sharing.framework/Versions/A/Sharing
0x0000000012720000 	/System/Library/PrivateFrameworks/IconServices.framework/Versions/A/IconServices
0x0000000012720000 	/System/Library/PrivateFrameworks/ProtocolBuffer.framework/Versions/A/ProtocolBuffer
0x0000000012720000 	/System/Library/PrivateFrameworks/Apple80211.framework/Versions/A/Apple80211
0x0000000012720000 	/System/Library/Frameworks/CoreWLAN.framework/Versions/A/CoreWLAN
0x0000000012720000 	/System/Library/PrivateFrameworks/CoreUtils.framework/Versions/A/CoreUtils
0x0000000012720000 	/System/Library/Frameworks/IOBluetooth.framework/Versions/A/IOBluetooth
0x0000000012720000 	/System/Library/PrivateFrameworks/CoreWiFi.framework/Versions/A/CoreWiFi
0x0000000012720000 	/System/Library/Frameworks/CoreBluetooth.framework/Versions/A/CoreBluetooth
0x0000000012720000 	/System/Library/PrivateFrameworks/SignpostNotification.framework/Versions/A/SignpostNotification
0x0000000012720000 	/System/Library/PrivateFrameworks/DebugSymbols.framework/Versions/A/DebugSymbols
0x0000000012720000 	/System/Library/PrivateFrameworks/CoreSymbolication.framework/Versions/A/CoreSymbolication
0x0000000012720000 	/System/Library/PrivateFrameworks/Symbolication.framework/Versions/A/Symbolication
0x0000000012720000 	/System/Library/PrivateFrameworks/AppleFSCompression.framework/Versions/A/AppleFSCompression
0x0000000012720000 	/System/Library/PrivateFrameworks/SpeechRecognitionCore.framework/Versions/A/SpeechRecognitionCore
0x0000000012720000 	/System/Library/CoreServices/Encodings/libSimplifiedChineseConverter.dylib
0x0000000105c00000 	/Library/Java/JavaVirtualMachines/jdk1.8.0_60.jdk/Contents/Home/jre/lib/server/libjvm.dylib
0x0000000012720000 	/usr/lib/libstdc++.6.0.9.dylib
0x0000000104a67000 	/Library/Java/JavaVirtualMachines/jdk1.8.0_60.jdk/Contents/Home/jre/lib/libverify.dylib
0x0000000104a75000 	/Library/Java/JavaVirtualMachines/jdk1.8.0_60.jdk/Contents/Home/jre/lib/libjava.dylib
0x0000000104aab000 	/Library/Java/JavaVirtualMachines/jdk1.8.0_60.jdk/Contents/Home/jre/lib/libjdwp.dylib
0x0000000104af6000 	/Library/Java/JavaVirtualMachines/jdk1.8.0_60.jdk/Contents/Home/jre/lib/libnpt.dylib
0x0000000104b43000 	/Library/Java/JavaVirtualMachines/jdk1.8.0_60.jdk/Contents/Home/jre/lib/libzip.dylib
0x0000000012720000 	/System/Library/Frameworks/JavaVM.framework/Versions/A/Frameworks/JavaRuntimeSupport.framework/Versions/A/JavaRuntimeSupport
0x0000000012720000 	/System/Library/Frameworks/JavaVM.framework/Versions/A/Frameworks/JavaNativeFoundation.framework/Versions/A/JavaNativeFoundation
0x0000000012720000 	/System/Library/Frameworks/JavaVM.framework/Versions/A/JavaVM
0x0000000012720000 	/System/Library/Frameworks/Carbon.framework/Versions/A/Carbon
0x0000000012720000 	/System/Library/PrivateFrameworks/JavaLaunching.framework/Versions/A/JavaLaunching
0x0000000012720000 	/System/Library/Frameworks/Carbon.framework/Versions/A/Frameworks/CommonPanels.framework/Versions/A/CommonPanels
0x0000000012720000 	/System/Library/Frameworks/Carbon.framework/Versions/A/Frameworks/Help.framework/Versions/A/Help
0x0000000012720000 	/System/Library/Frameworks/Carbon.framework/Versions/A/Frameworks/ImageCapture.framework/Versions/A/ImageCapture
0x0000000012720000 	/System/Library/Frameworks/Carbon.framework/Versions/A/Frameworks/OpenScripting.framework/Versions/A/OpenScripting
0x0000000012720000 	/System/Library/Frameworks/Carbon.framework/Versions/A/Frameworks/Print.framework/Versions/A/Print
0x0000000012720000 	/System/Library/Frameworks/Carbon.framework/Versions/A/Frameworks/SecurityHI.framework/Versions/A/SecurityHI
0x0000000104bed000 	/Library/Java/JavaVirtualMachines/jdk1.8.0_60.jdk/Contents/Home/jre/lib/libdt_socket.dylib
0x000000010c6df000 	/Library/Java/JavaVirtualMachines/jdk1.8.0_60.jdk/Contents/Home/jre/lib/libnet.dylib
0x000000010c6f6000 	/Library/Java/JavaVirtualMachines/jdk1.8.0_60.jdk/Contents/Home/jre/lib/libnio.dylib
0x000000010c882000 	/Library/Java/JavaVirtualMachines/jdk1.8.0_60.jdk/Contents/Home/jre/lib/libmanagement.dylib

VM Arguments:
jvm_args: -agentlib:jdwp=transport=dt_socket,address=127.0.0.1:64228,suspend=y,server=n -Dmaven.multiModuleProjectDirectory=/Users/stormning/Workspace/03_develop/01_workspace/myspace/zzbid -Dmaven.home=/Applications/IntelliJ IDEA.app/Contents/plugins/maven/lib/maven3 -Didea.modules.paths.file=/Users/stormning/Library/Caches/IntelliJIdea2016.3/Maven/idea-projects-state-c2dc6a3c.properties -Dclassworlds.conf=/private/var/folders/b8/z7189hg50wb6fwj7lzcfx76m0000gn/T/idea-2911-mvn.conf -Dfile.encoding=UTF-8 
java_command: org.codehaus.classworlds.Launcher -Didea.version=2016.3 -s /Users/stormning/.m2/settings.xml -Dmaven.repo.local=/Users/stormning/.m2/repository -DskipTests=true spring-boot:run
java_class_path (initial): /Applications/IntelliJ IDEA.app/Contents/plugins/maven/lib/maven3/boot/plexus-classworlds-2.5.2.jar:/Applications/IntelliJ IDEA.app/Contents/lib/idea_rt.jar
Launcher Type: SUN_STANDARD

Environment Variables:
PATH=/usr/local/bin:/usr/bin:/bin:/usr/sbin:/sbin:/Applications/Wireshark.app/Contents/MacOS
SHELL=/bin/zsh

Signal Handlers:
SIGSEGV: [libjvm.dylib+0x5a6d31], sa_mask[0]=11111111011111110111111111111111, sa_flags=SA_ONSTACK|SA_RESTART|SA_SIGINFO
SIGBUS: [libjvm.dylib+0x5a6d31], sa_mask[0]=11111111011111110111111111111111, sa_flags=SA_RESTART|SA_SIGINFO
SIGFPE: [libjvm.dylib+0x480a4c], sa_mask[0]=11111111011111110111111111111111, sa_flags=SA_RESTART|SA_SIGINFO
SIGPIPE: [libjvm.dylib+0x480a4c], sa_mask[0]=11111111011111110111111111111111, sa_flags=SA_RESTART|SA_SIGINFO
SIGXFSZ: [libjvm.dylib+0x480a4c], sa_mask[0]=11111111011111110111111111111111, sa_flags=SA_RESTART|SA_SIGINFO
SIGILL: [libjvm.dylib+0x480a4c], sa_mask[0]=11111111011111110111111111111111, sa_flags=SA_RESTART|SA_SIGINFO
SIGUSR1: SIG_DFL, sa_mask[0]=00000000000000000000000000000000, sa_flags=none
SIGUSR2: [libjvm.dylib+0x48056a], sa_mask[0]=00100000000000000000000000000000, sa_flags=SA_RESTART|SA_SIGINFO
SIGHUP: [libjvm.dylib+0x47eb41], sa_mask[0]=11111111011111110111111111111111, sa_flags=SA_RESTART|SA_SIGINFO
SIGINT: [libjvm.dylib+0x47eb41], sa_mask[0]=11111111011111110111111111111111, sa_flags=SA_RESTART|SA_SIGINFO
SIGTERM: [libjvm.dylib+0x47eb41], sa_mask[0]=11111111011111110111111111111111, sa_flags=SA_RESTART|SA_SIGINFO
SIGQUIT: [libjvm.dylib+0x47eb41], sa_mask[0]=11111111011111110111111111111111, sa_flags=SA_RESTART|SA_SIGINFO


---------------  S Y S T E M  ---------------

OS:Bsduname:Darwin 17.3.0 Darwin Kernel Version 17.3.0: Thu Nov  9 18:09:22 PST 2017; root:xnu-4570.31.3~1/RELEASE_X86_64 x86_64
rlimit: STACK 8192k, CORE 0k, NPROC 1418, NOFILE 10240, AS infinity
load average:2.83 2.41 2.14

CPU:total 8 (4 cores per cpu, 2 threads per core) family 6 model 70 stepping 1, cmov, cx8, fxsr, mmx, sse, sse2, sse3, ssse3, sse4.1, sse4.2, popcnt, avx, avx2, aes, clmul, erms, lzcnt, ht, tsc, tscinvbit, bmi1, bmi2

Memory: 4k page, physical 16777216k(131896k free)

/proc/meminfo:


vm_info: Java HotSpot(TM) 64-Bit Server VM (25.60-b23) for bsd-amd64 JRE (1.8.0_60-b27), built on Aug  4 2015 10:47:24 by "java_re" with gcc 4.2.1 (Based on Apple Inc. build 5658) (LLVM build 2336.11.00)

time: Tue Dec 26 18:38:00 2017
elapsed time: 11 seconds (0d 0h 0m 11s)

